<?xml version="1.0" encoding="utf-8"?>
<coverage line-rate="0.9543" branch-rate="0.6964" version="1.9" timestamp="1789206554" lines-covered="2448" lines-valid="2565" branches-covered="78" branches-valid="112">
  <sources>
    <source>C:\Users\corte\source\repos\Reto-Banorte\backend\src\BancaAdaptativa.Api\</source>
  </sources>
  <packages>
    <package name="BancaAdaptativa.Api" line-rate="0.9543" branch-rate="0.6964" complexity="322">
      <classes>
        <class name="Program" filename="Program.cs" line-rate="0.7746" branch-rate="0.5714" complexity="14">
          <methods>
            <method name="&lt;Main&gt;$" signature="(System.String[])" line-rate="0.7746" branch-rate="0.5714" complexity="14">
              <lines>
                <line number="10" hits="7" branch="False" />
                <line number="13" hits="7" branch="False" />
                <line number="15" hits="7" branch="False" />
                <line number="16" hits="30" branch="True" condition-coverage="50% (1/2)">
                  <conditions>
                    <condition number="23" type="jump" coverage="50%" />
                  </conditions>
                </line>
                <line number="18" hits="7" branch="False" />
                <line number="19" hits="7" branch="False" />
                <line number="20" hits="7" branch="False" />
                <line number="21" hits="7" branch="False" />
                <line number="22" hits="7" branch="False" />
                <line number="25" hits="7" branch="True" condition-coverage="75% (3/4)">
                  <conditions>
                    <condition number="179" type="jump" coverage="100%" />
                    <condition number="193" type="jump" coverage="50%" />
                  </conditions>
                </line>
                <line number="26" hits="7" branch="False" />
                <line number="27" hits="7" branch="False" />
                <line number="28" hits="7" branch="True" condition-coverage="50% (3/6)">
                  <conditions>
                    <condition number="57" type="jump" coverage="50%" />
                    <condition number="93" type="jump" coverage="50%" />
                    <condition number="123" type="jump" coverage="50%" />
                  </conditions>
                </line>
                <line number="29" hits="7" branch="False" />
                <line number="30" hits="7" branch="False" />
                <line number="31" hits="7" branch="False" />
                <line number="32" hits="7" branch="False" />
                <line number="33" hits="7" branch="False" />
                <line number="34" hits="7" branch="False" />
                <line number="35" hits="7" branch="False" />
                <line number="36" hits="7" branch="False" />
                <line number="37" hits="7" branch="False" />
                <line number="38" hits="7" branch="False" />
                <line number="39" hits="7" branch="False" />
                <line number="40" hits="14" branch="False" />
                <line number="41" hits="7" branch="False" />
                <line number="43" hits="7" branch="False" />
                <line number="44" hits="7" branch="False" />
                <line number="45" hits="7" branch="False" />
                <line number="46" hits="7" branch="False" />
                <line number="47" hits="0" branch="False" />
                <line number="48" hits="0" branch="False" />
                <line number="49" hits="0" branch="False" />
                <line number="50" hits="0" branch="False" />
                <line number="51" hits="0" branch="False" />
                <line number="52" hits="0" branch="False" />
                <line number="53" hits="0" branch="False" />
                <line number="54" hits="0" branch="False" />
                <line number="55" hits="0" branch="False" />
                <line number="56" hits="0" branch="False" />
                <line number="57" hits="0" branch="False" />
                <line number="58" hits="0" branch="False" />
                <line number="59" hits="0" branch="False" />
                <line number="60" hits="0" branch="False" />
                <line number="61" hits="7" branch="False" />
                <line number="63" hits="14" branch="False" />
                <line number="64" hits="21" branch="False" />
                <line number="66" hits="7" branch="False" />
                <line number="67" hits="7" branch="False" />
                <line number="68" hits="7" branch="False" />
                <line number="69" hits="14" branch="False" />
                <line number="71" hits="7" branch="False" />
                <line number="73" hits="7" branch="False" />
                <line number="74" hits="7" branch="False" />
                <line number="75" hits="7" branch="False" />
                <line number="76" hits="7" branch="False" />
                <line number="78" hits="7" branch="True" condition-coverage="50% (1/2)">
                  <conditions>
                    <condition number="491" type="jump" coverage="50%" />
                  </conditions>
                </line>
                <line number="80" hits="0" branch="False" />
                <line number="81" hits="0" branch="False" />
                <line number="85" hits="7" branch="False" />
                <line number="87" hits="7" branch="False" />
                <line number="88" hits="7" branch="False" />
                <line number="89" hits="7" branch="False" />
                <line number="90" hits="7" branch="False" />
                <line number="91" hits="7" branch="False" />
                <line number="93" hits="7" branch="False" />
                <line number="94" hits="7" branch="False" />
                <line number="95" hits="7" branch="False" />
                <line number="96" hits="7" branch="False" />
                <line number="97" hits="7" branch="False" />
                <line number="99" hits="7" branch="False" />
              </lines>
            </method>
          </methods>
          <lines>
            <line number="10" hits="7" branch="False" />
            <line number="13" hits="7" branch="False" />
            <line number="15" hits="7" branch="False" />
            <line number="16" hits="30" branch="True" condition-coverage="50% (1/2)">
              <conditions>
                <condition number="23" type="jump" coverage="50%" />
              </conditions>
            </line>
            <line number="18" hits="7" branch="False" />
            <line number="19" hits="7" branch="False" />
            <line number="20" hits="7" branch="False" />
            <line number="21" hits="7" branch="False" />
            <line number="22" hits="7" branch="False" />
            <line number="25" hits="7" branch="True" condition-coverage="75% (3/4)">
              <conditions>
                <condition number="179" type="jump" coverage="100%" />
                <condition number="193" type="jump" coverage="50%" />
              </conditions>
            </line>
            <line number="26" hits="7" branch="False" />
            <line number="27" hits="7" branch="False" />
            <line number="28" hits="7" branch="True" condition-coverage="50% (3/6)">
              <conditions>
                <condition number="57" type="jump" coverage="50%" />
                <condition number="93" type="jump" coverage="50%" />
                <condition number="123" type="jump" coverage="50%" />
              </conditions>
            </line>
            <line number="29" hits="7" branch="False" />
            <line number="30" hits="7" branch="False" />
            <line number="31" hits="7" branch="False" />
            <line number="32" hits="7" branch="False" />
            <line number="33" hits="7" branch="False" />
            <line number="34" hits="7" branch="False" />
            <line number="35" hits="7" branch="False" />
            <line number="36" hits="7" branch="False" />
            <line number="37" hits="7" branch="False" />
            <line number="38" hits="7" branch="False" />
            <line number="39" hits="7" branch="False" />
            <line number="40" hits="14" branch="False" />
            <line number="41" hits="7" branch="False" />
            <line number="43" hits="7" branch="False" />
            <line number="44" hits="7" branch="False" />
            <line number="45" hits="7" branch="False" />
            <line number="46" hits="7" branch="False" />
            <line number="47" hits="0" branch="False" />
            <line number="48" hits="0" branch="False" />
            <line number="49" hits="0" branch="False" />
            <line number="50" hits="0" branch="False" />
            <line number="51" hits="0" branch="False" />
            <line number="52" hits="0" branch="False" />
            <line number="53" hits="0" branch="False" />
            <line number="54" hits="0" branch="False" />
            <line number="55" hits="0" branch="False" />
            <line number="56" hits="0" branch="False" />
            <line number="57" hits="0" branch="False" />
            <line number="58" hits="0" branch="False" />
            <line number="59" hits="0" branch="False" />
            <line number="60" hits="0" branch="False" />
            <line number="61" hits="7" branch="False" />
            <line number="63" hits="14" branch="False" />
            <line number="64" hits="21" branch="False" />
            <line number="66" hits="7" branch="False" />
            <line number="67" hits="7" branch="False" />
            <line number="68" hits="7" branch="False" />
            <line number="69" hits="14" branch="False" />
            <line number="71" hits="7" branch="False" />
            <line number="73" hits="7" branch="False" />
            <line number="74" hits="7" branch="False" />
            <line number="75" hits="7" branch="False" />
            <line number="76" hits="7" branch="False" />
            <line number="78" hits="7" branch="True" condition-coverage="50% (1/2)">
              <conditions>
                <condition number="491" type="jump" coverage="50%" />
              </conditions>
            </line>
            <line number="80" hits="0" branch="False" />
            <line number="81" hits="0" branch="False" />
            <line number="85" hits="7" branch="False" />
            <line number="87" hits="7" branch="False" />
            <line number="88" hits="7" branch="False" />
            <line number="89" hits="7" branch="False" />
            <line number="90" hits="7" branch="False" />
            <line number="91" hits="7" branch="False" />
            <line number="93" hits="7" branch="False" />
            <line number="94" hits="7" branch="False" />
            <line number="95" hits="7" branch="False" />
            <line number="96" hits="7" branch="False" />
            <line number="97" hits="7" branch="False" />
            <line number="99" hits="7" branch="False" />
          </lines>
        </class>
        <class name="BancaAdaptativa.Api.Services.AuthService" filename="Services\AuthService.cs" line-rate="1" branch-rate="0.5" complexity="11">
          <methods>
            <method name="BuildResponse" signature="(BancaAdaptativa.Api.Models.User,System.DateTime)" line-rate="1" branch-rate="0.5" complexity="10">
              <lines>
                <line number="57" hits="10" branch="True" condition-coverage="50% (2/4)">
                  <conditions>
                    <condition number="17" type="jump" coverage="50%" />
                    <condition number="31" type="jump" coverage="50%" />
                  </conditions>
                </line>
                <line number="58" hits="10" branch="False" />
                <line number="59" hits="10" branch="True" condition-coverage="50% (1/2)">
                  <conditions>
                    <condition number="63" type="jump" coverage="50%" />
                  </conditions>
                </line>
                <line number="60" hits="10" branch="True" condition-coverage="50% (1/2)">
                  <conditions>
                    <condition number="89" type="jump" coverage="50%" />
                  </conditions>
                </line>
                <line number="61" hits="10" branch="True" condition-coverage="50% (1/2)">
                  <conditions>
                    <condition number="121" type="jump" coverage="50%" />
                  </conditions>
                </line>
                <line number="62" hits="10" branch="False" />
                <line number="64" hits="10" branch="False" />
                <line number="65" hits="10" branch="False" />
                <line number="66" hits="10" branch="False" />
                <line number="67" hits="10" branch="False" />
                <line number="68" hits="10" branch="False" />
                <line number="69" hits="10" branch="False" />
                <line number="70" hits="10" branch="False" />
                <line number="71" hits="10" branch="False" />
                <line number="72" hits="10" branch="False" />
                <line number="73" hits="10" branch="False" />
                <line number="74" hits="10" branch="False" />
                <line number="75" hits="10" branch="False" />
                <line number="76" hits="10" branch="False" />
                <line number="77" hits="10" branch="False" />
                <line number="78" hits="10" branch="False" />
                <line number="79" hits="10" branch="False" />
                <line number="80" hits="10" branch="False" />
                <line number="81" hits="10" branch="False" />
              </lines>
            </method>
            <method name=".ctor" signature="(BancaAdaptativa.Api.Data.AppDbContext,System.TimeProvider,Microsoft.Extensions.Configuration.IConfiguration)" line-rate="1" branch-rate="1" complexity="1">
              <lines>
                <line number="18" hits="11" branch="False" />
              </lines>
            </method>
          </methods>
          <lines>
            <line number="57" hits="10" branch="True" condition-coverage="50% (2/4)">
              <conditions>
                <condition number="17" type="jump" coverage="50%" />
                <condition number="31" type="jump" coverage="50%" />
              </conditions>
            </line>
            <line number="58" hits="10" branch="False" />
            <line number="59" hits="10" branch="True" condition-coverage="50% (1/2)">
              <conditions>
                <condition number="63" type="jump" coverage="50%" />
              </conditions>
            </line>
            <line number="60" hits="10" branch="True" condition-coverage="50% (1/2)">
              <conditions>
                <condition number="89" type="jump" coverage="50%" />
              </conditions>
            </line>
            <line number="61" hits="10" branch="True" condition-coverage="50% (1/2)">
              <conditions>
                <condition number="121" type="jump" coverage="50%" />
              </conditions>
            </line>
            <line number="62" hits="10" branch="False" />
            <line number="64" hits="10" branch="False" />
            <line number="65" hits="10" branch="False" />
            <line number="66" hits="10" branch="False" />
            <line number="67" hits="10" branch="False" />
            <line number="68" hits="10" branch="False" />
            <line number="69" hits="10" branch="False" />
            <line number="70" hits="10" branch="False" />
            <line number="71" hits="10" branch="False" />
            <line number="72" hits="10" branch="False" />
            <line number="73" hits="10" branch="False" />
            <line number="74" hits="10" branch="False" />
            <line number="75" hits="10" branch="False" />
            <line number="76" hits="10" branch="False" />
            <line number="77" hits="10" branch="False" />
            <line number="78" hits="10" branch="False" />
            <line number="79" hits="10" branch="False" />
            <line number="80" hits="10" branch="False" />
            <line number="81" hits="10" branch="False" />
            <line number="18" hits="11" branch="False" />
          </lines>
        </class>
        <class name="BancaAdaptativa.Api.Services.AuthService/&lt;LoginAsync&gt;d__5" filename="Services\AuthService.cs" line-rate="1" branch-rate="1" complexity="4">
          <methods>
            <method name="MoveNext" signature="()" line-rate="1" branch-rate="1" complexity="4">
              <lines>
                <line number="47" hits="7" branch="False" />
                <line number="48" hits="7" branch="False" />
                <line number="49" hits="7" branch="True" condition-coverage="100% (4/4)">
                  <conditions>
                    <condition number="267" type="jump" coverage="100%" />
                    <condition number="294" type="jump" coverage="100%" />
                  </conditions>
                </line>
                <line number="50" hits="2" branch="False" />
                <line number="52" hits="5" branch="False" />
                <line number="53" hits="5" branch="False" />
              </lines>
            </method>
          </methods>
          <lines>
            <line number="47" hits="7" branch="False" />
            <line number="48" hits="7" branch="False" />
            <line number="49" hits="7" branch="True" condition-coverage="100% (4/4)">
              <conditions>
                <condition number="267" type="jump" coverage="100%" />
                <condition number="294" type="jump" coverage="100%" />
              </conditions>
            </line>
            <line number="50" hits="2" branch="False" />
            <line number="52" hits="5" branch="False" />
            <line number="53" hits="5" branch="False" />
          </lines>
        </class>
        <class name="BancaAdaptativa.Api.Services.AuthService/&lt;RegisterAsync&gt;d__4" filename="Services\AuthService.cs" line-rate="1" branch-rate="0.75" complexity="4">
          <methods>
            <method name="MoveNext" signature="()" line-rate="1" branch-rate="0.75" complexity="4">
              <lines>
                <line number="22" hits="7" branch="False" />
                <line number="23" hits="7" branch="True" condition-coverage="100% (2/2)">
                  <conditions>
                    <condition number="288" type="jump" coverage="100%" />
                  </conditions>
                </line>
                <line number="24" hits="2" branch="False" />
                <line number="26" hits="5" branch="False" />
                <line number="27" hits="5" branch="True" condition-coverage="50% (1/2)">
                  <conditions>
                    <condition number="411" type="jump" coverage="50%" />
                  </conditions>
                </line>
                <line number="28" hits="5" branch="False" />
                <line number="29" hits="5" branch="False" />
                <line number="30" hits="5" branch="False" />
                <line number="31" hits="5" branch="False" />
                <line number="32" hits="5" branch="False" />
                <line number="33" hits="5" branch="False" />
                <line number="34" hits="5" branch="False" />
                <line number="35" hits="5" branch="False" />
                <line number="36" hits="5" branch="False" />
                <line number="37" hits="5" branch="False" />
                <line number="39" hits="5" branch="False" />
                <line number="40" hits="5" branch="False" />
                <line number="42" hits="5" branch="False" />
                <line number="43" hits="5" branch="False" />
              </lines>
            </method>
          </methods>
          <lines>
            <line number="22" hits="7" branch="False" />
            <line number="23" hits="7" branch="True" condition-coverage="100% (2/2)">
              <conditions>
                <condition number="288" type="jump" coverage="100%" />
              </conditions>
            </line>
            <line number="24" hits="2" branch="False" />
            <line number="26" hits="5" branch="False" />
            <line number="27" hits="5" branch="True" condition-coverage="50% (1/2)">
              <conditions>
                <condition number="411" type="jump" coverage="50%" />
              </conditions>
            </line>
            <line number="28" hits="5" branch="False" />
            <line number="29" hits="5" branch="False" />
            <line number="30" hits="5" branch="False" />
            <line number="31" hits="5" branch="False" />
            <line number="32" hits="5" branch="False" />
            <line number="33" hits="5" branch="False" />
            <line number="34" hits="5" branch="False" />
            <line number="35" hits="5" branch="False" />
            <line number="36" hits="5" branch="False" />
            <line number="37" hits="5" branch="False" />
            <line number="39" hits="5" branch="False" />
            <line number="40" hits="5" branch="False" />
            <line number="42" hits="5" branch="False" />
            <line number="43" hits="5" branch="False" />
          </lines>
        </class>
        <class name="BancaAdaptativa.Api.Services.BusinessClock" filename="Services\BusinessClock.cs" line-rate="1" branch-rate="1" complexity="3">
          <methods>
            <method name="GetBusinessToday" signature="()" line-rate="1" branch-rate="1" complexity="2">
              <lines>
                <line number="12" hits="3" branch="True" condition-coverage="100% (2/2)">
                  <conditions>
                    <condition number="17" type="jump" coverage="100%" />
                  </conditions>
                </line>
                <line number="13" hits="3" branch="False" />
                <line number="16" hits="3" branch="False" />
                <line number="17" hits="2" branch="False" />
                <line number="19" hits="1" branch="False" />
                <line number="21" hits="1" branch="False" />
                <line number="23" hits="3" branch="False" />
              </lines>
            </method>
            <method name=".ctor" signature="(System.TimeProvider,Microsoft.Extensions.Configuration.IConfiguration)" line-rate="1" branch-rate="1" complexity="1">
              <lines>
                <line number="8" hits="3" branch="False" />
              </lines>
            </method>
          </methods>
          <lines>
            <line number="12" hits="3" branch="True" condition-coverage="100% (2/2)">
              <conditions>
                <condition number="17" type="jump" coverage="100%" />
              </conditions>
            </line>
            <line number="13" hits="3" branch="False" />
            <line number="16" hits="3" branch="False" />
            <line number="17" hits="2" branch="False" />
            <line number="19" hits="1" branch="False" />
            <line number="21" hits="1" branch="False" />
            <line number="23" hits="3" branch="False" />
            <line number="8" hits="3" branch="False" />
          </lines>
        </class>
        <class name="BancaAdaptativa.Api.Services.PreferenceService" filename="Services\DomainServices.cs" line-rate="1" branch-rate="1" complexity="1">
          <methods>
            <method name=".ctor" signature="(BancaAdaptativa.Api.Data.AppDbContext,System.TimeProvider)" line-rate="1" branch-rate="1" complexity="1">
              <lines>
                <line number="18" hits="5" branch="False" />
              </lines>
            </method>
          </methods>
          <lines>
            <line number="18" hits="5" branch="False" />
          </lines>
        </class>
        <class name="BancaAdaptativa.Api.Services.PreferenceService/&lt;GetAsync&gt;d__3" filename="Services\DomainServices.cs" line-rate="1" branch-rate="1" complexity="2">
          <methods>
            <method name="MoveNext" signature="()" line-rate="1" branch-rate="1" complexity="2">
              <lines>
                <line number="22" hits="2" branch="True" condition-coverage="100% (2/2)">
                  <conditions>
                    <condition number="254" type="jump" coverage="100%" />
                  </conditions>
                </line>
                <line number="23" hits="2" branch="False" />
                <line number="24" hits="1" branch="False" />
                <line number="25" hits="1" branch="False" />
              </lines>
            </method>
          </methods>
          <lines>
            <line number="22" hits="2" branch="True" condition-coverage="100% (2/2)">
              <conditions>
                <condition number="254" type="jump" coverage="100%" />
              </conditions>
            </line>
            <line number="23" hits="2" branch="False" />
            <line number="24" hits="1" branch="False" />
            <line number="25" hits="1" branch="False" />
          </lines>
        </class>
        <class name="BancaAdaptativa.Api.Services.PreferenceService/&lt;UpdateAsync&gt;d__4" filename="Services\DomainServices.cs" line-rate="1" branch-rate="0.7142000000000001" complexity="14">
          <methods>
            <method name="MoveNext" signature="()" line-rate="1" branch-rate="0.7142000000000001" complexity="14">
              <lines>
                <line number="29" hits="3" branch="True" condition-coverage="100% (2/2)">
                  <conditions>
                    <condition number="257" type="jump" coverage="100%" />
                  </conditions>
                </line>
                <line number="30" hits="3" branch="False" />
                <line number="31" hits="4" branch="True" condition-coverage="100% (2/2)">
                  <conditions>
                    <condition number="296" type="jump" coverage="100%" />
                  </conditions>
                </line>
                <line number="32" hits="4" branch="True" condition-coverage="100% (2/2)">
                  <conditions>
                    <condition number="349" type="jump" coverage="100%" />
                  </conditions>
                </line>
                <line number="33" hits="2" branch="True" condition-coverage="50% (1/2)">
                  <conditions>
                    <condition number="402" type="jump" coverage="50%" />
                  </conditions>
                </line>
                <line number="34" hits="2" branch="True" condition-coverage="50% (1/2)">
                  <conditions>
                    <condition number="455" type="jump" coverage="50%" />
                  </conditions>
                </line>
                <line number="35" hits="2" branch="True" condition-coverage="50% (1/2)">
                  <conditions>
                    <condition number="508" type="jump" coverage="50%" />
                  </conditions>
                </line>
                <line number="36" hits="2" branch="True" condition-coverage="50% (1/2)">
                  <conditions>
                    <condition number="561" type="jump" coverage="50%" />
                  </conditions>
                </line>
                <line number="37" hits="2" branch="False" />
                <line number="38" hits="2" branch="False" />
                <line number="39" hits="2" branch="False" />
                <line number="40" hits="2" branch="False" />
              </lines>
            </method>
          </methods>
          <lines>
            <line number="29" hits="3" branch="True" condition-coverage="100% (2/2)">
              <conditions>
                <condition number="257" type="jump" coverage="100%" />
              </conditions>
            </line>
            <line number="30" hits="3" branch="False" />
            <line number="31" hits="4" branch="True" condition-coverage="100% (2/2)">
              <conditions>
                <condition number="296" type="jump" coverage="100%" />
              </conditions>
            </line>
            <line number="32" hits="4" branch="True" condition-coverage="100% (2/2)">
              <conditions>
                <condition number="349" type="jump" coverage="100%" />
              </conditions>
            </line>
            <line number="33" hits="2" branch="True" condition-coverage="50% (1/2)">
              <conditions>
                <condition number="402" type="jump" coverage="50%" />
              </conditions>
            </line>
            <line number="34" hits="2" branch="True" condition-coverage="50% (1/2)">
              <conditions>
                <condition number="455" type="jump" coverage="50%" />
              </conditions>
            </line>
            <line number="35" hits="2" branch="True" condition-coverage="50% (1/2)">
              <conditions>
                <condition number="508" type="jump" coverage="50%" />
              </conditions>
            </line>
            <line number="36" hits="2" branch="True" condition-coverage="50% (1/2)">
              <conditions>
                <condition number="561" type="jump" coverage="50%" />
              </conditions>
            </line>
            <line number="37" hits="2" branch="False" />
            <line number="38" hits="2" branch="False" />
            <line number="39" hits="2" branch="False" />
            <line number="40" hits="2" branch="False" />
          </lines>
        </class>
        <class name="BancaAdaptativa.Api.Services.AccountQueryService" filename="Services\DomainServices.cs" line-rate="1" branch-rate="1" complexity="1">
          <methods>
            <method name=".ctor" signature="(BancaAdaptativa.Api.Data.AppDbContext)" line-rate="1" branch-rate="1" complexity="1">
              <lines>
                <line number="52" hits="6" branch="False" />
              </lines>
            </method>
          </methods>
          <lines>
            <line number="52" hits="6" branch="False" />
          </lines>
        </class>
        <class name="BancaAdaptativa.Api.Services.AccountQueryService/&lt;BalancesAsync&gt;d__6" filename="Services\DomainServices.cs" line-rate="0" branch-rate="0" complexity="4">
          <methods>
            <method name="MoveNext" signature="()" line-rate="0" branch-rate="0" complexity="4">
              <lines>
                <line number="89" hits="0" branch="False" />
                <line number="90" hits="0" branch="False" />
                <line number="91" hits="0" branch="True" condition-coverage="0% (0/2)">
                  <conditions>
                    <condition number="346" type="jump" coverage="0%" />
                  </conditions>
                </line>
                <line number="92" hits="0" branch="True" condition-coverage="0% (0/2)">
                  <conditions>
                    <condition number="516" type="jump" coverage="0%" />
                  </conditions>
                </line>
                <line number="93" hits="0" branch="False" />
                <line number="94" hits="0" branch="False" />
                <line number="95" hits="0" branch="False" />
                <line number="96" hits="0" branch="False" />
              </lines>
            </method>
          </methods>
          <lines>
            <line number="89" hits="0" branch="False" />
            <line number="90" hits="0" branch="False" />
            <line number="91" hits="0" branch="True" condition-coverage="0% (0/2)">
              <conditions>
                <condition number="346" type="jump" coverage="0%" />
              </conditions>
            </line>
            <line number="92" hits="0" branch="True" condition-coverage="0% (0/2)">
              <conditions>
                <condition number="516" type="jump" coverage="0%" />
              </conditions>
            </line>
            <line number="93" hits="0" branch="False" />
            <line number="94" hits="0" branch="False" />
            <line number="95" hits="0" branch="False" />
            <line number="96" hits="0" branch="False" />
          </lines>
        </class>
        <class name="BancaAdaptativa.Api.Services.AccountQueryService/&lt;GetAsync&gt;d__4" filename="Services\DomainServices.cs" line-rate="0" branch-rate="1" complexity="1">
          <methods>
            <method name="MoveNext" signature="()" line-rate="0" branch-rate="1" complexity="1">
              <lines>
                <line number="67" hits="0" branch="False" />
                <line number="68" hits="0" branch="False" />
                <line number="69" hits="0" branch="False" />
              </lines>
            </method>
          </methods>
          <lines>
            <line number="67" hits="0" branch="False" />
            <line number="68" hits="0" branch="False" />
            <line number="69" hits="0" branch="False" />
          </lines>
        </class>
        <class name="BancaAdaptativa.Api.Services.AccountQueryService/&lt;ListAsync&gt;d__3" filename="Services\DomainServices.cs" line-rate="1" branch-rate="1" complexity="1">
          <methods>
            <method name="MoveNext" signature="()" line-rate="1" branch-rate="1" complexity="1">
              <lines>
                <line number="61" hits="2" branch="False" />
                <line number="62" hits="2" branch="False" />
                <line number="63" hits="2" branch="False" />
              </lines>
            </method>
          </methods>
          <lines>
            <line number="61" hits="2" branch="False" />
            <line number="62" hits="2" branch="False" />
            <line number="63" hits="2" branch="False" />
          </lines>
        </class>
        <class name="BancaAdaptativa.Api.Services.AccountQueryService/&lt;ReconciliationAsync&gt;d__7" filename="Services\DomainServices.cs" line-rate="0" branch-rate="1" complexity="1">
          <methods>
            <method name="MoveNext" signature="()" line-rate="0" branch-rate="1" complexity="1">
              <lines>
                <line number="99" hits="0" branch="False" />
                <line number="100" hits="0" branch="False" />
                <line number="101" hits="0" branch="False" />
                <line number="102" hits="0" branch="False" />
                <line number="103" hits="0" branch="False" />
              </lines>
            </method>
          </methods>
          <lines>
            <line number="99" hits="0" branch="False" />
            <line number="100" hits="0" branch="False" />
            <line number="101" hits="0" branch="False" />
            <line number="102" hits="0" branch="False" />
            <line number="103" hits="0" branch="False" />
          </lines>
        </class>
        <class name="BancaAdaptativa.Api.Services.AccountQueryService/&lt;RequireAccountAsync&gt;d__2" filename="Services\DomainServices.cs" line-rate="1" branch-rate="1" complexity="2">
          <methods>
            <method name="MoveNext" signature="()" line-rate="1" branch-rate="1" complexity="2">
              <lines>
                <line number="56" hits="5" branch="False" />
                <line number="57" hits="5" branch="True" condition-coverage="100% (2/2)">
                  <conditions>
                    <condition number="330" type="jump" coverage="100%" />
                  </conditions>
                </line>
                <line number="58" hits="4" branch="False" />
              </lines>
            </method>
          </methods>
          <lines>
            <line number="56" hits="5" branch="False" />
            <line number="57" hits="5" branch="True" condition-coverage="100% (2/2)">
              <conditions>
                <condition number="330" type="jump" coverage="100%" />
              </conditions>
            </line>
            <line number="58" hits="4" branch="False" />
          </lines>
        </class>
        <class name="BancaAdaptativa.Api.Services.AccountQueryService/&lt;TransactionsAsync&gt;d__5" filename="Services\DomainServices.cs" line-rate="1" branch-rate="0.8332999999999999" complexity="12">
          <methods>
            <method name="MoveNext" signature="()" line-rate="1" branch-rate="0.8332999999999999" complexity="12">
              <lines>
                <line number="73" hits="5" branch="False" />
                <line number="74" hits="4" branch="False" />
                <line number="75" hits="4" branch="False" />
                <line number="76" hits="5" branch="True" condition-coverage="100% (2/2)">
                  <conditions>
                    <condition number="434" type="jump" coverage="100%" />
                  </conditions>
                </line>
                <line number="77" hits="5" branch="True" condition-coverage="100% (2/2)">
                  <conditions>
                    <condition number="604" type="jump" coverage="100%" />
                  </conditions>
                </line>
                <line number="78" hits="5" branch="True" condition-coverage="100% (2/2)">
                  <conditions>
                    <condition number="774" type="jump" coverage="100%" />
                  </conditions>
                </line>
                <line number="79" hits="4" branch="True" condition-coverage="50% (1/2)">
                  <conditions>
                    <condition number="900" type="jump" coverage="50%" />
                  </conditions>
                </line>
                <line number="80" hits="4" branch="True" condition-coverage="50% (1/2)">
                  <conditions>
                    <condition number="1026" type="jump" coverage="50%" />
                  </conditions>
                </line>
                <line number="81" hits="5" branch="True" condition-coverage="100% (2/2)">
                  <conditions>
                    <condition number="1152" type="jump" coverage="100%" />
                  </conditions>
                </line>
                <line number="82" hits="4" branch="False" />
                <line number="83" hits="4" branch="False" />
                <line number="84" hits="4" branch="False" />
                <line number="85" hits="4" branch="False" />
              </lines>
            </method>
          </methods>
          <lines>
            <line number="73" hits="5" branch="False" />
            <line number="74" hits="4" branch="False" />
            <line number="75" hits="4" branch="False" />
            <line number="76" hits="5" branch="True" condition-coverage="100% (2/2)">
              <conditions>
                <condition number="434" type="jump" coverage="100%" />
              </conditions>
            </line>
            <line number="77" hits="5" branch="True" condition-coverage="100% (2/2)">
              <conditions>
                <condition number="604" type="jump" coverage="100%" />
              </conditions>
            </line>
            <line number="78" hits="5" branch="True" condition-coverage="100% (2/2)">
              <conditions>
                <condition number="774" type="jump" coverage="100%" />
              </conditions>
            </line>
            <line number="79" hits="4" branch="True" condition-coverage="50% (1/2)">
              <conditions>
                <condition number="900" type="jump" coverage="50%" />
              </conditions>
            </line>
            <line number="80" hits="4" branch="True" condition-coverage="50% (1/2)">
              <conditions>
                <condition number="1026" type="jump" coverage="50%" />
              </conditions>
            </line>
            <line number="81" hits="5" branch="True" condition-coverage="100% (2/2)">
              <conditions>
                <condition number="1152" type="jump" coverage="100%" />
              </conditions>
            </line>
            <line number="82" hits="4" branch="False" />
            <line number="83" hits="4" branch="False" />
            <line number="84" hits="4" branch="False" />
            <line number="85" hits="4" branch="False" />
          </lines>
        </class>
        <class name="BancaAdaptativa.Api.Services.TransferService" filename="Services\DomainServices.cs" line-rate="1" branch-rate="1" complexity="2">
          <methods>
            <method name="Map" signature="(BancaAdaptativa.Api.Models.Transfer)" line-rate="1" branch-rate="1" complexity="1">
              <lines>
                <line number="116" hits="15" branch="False" />
              </lines>
            </method>
            <method name=".ctor" signature="(BancaAdaptativa.Api.Data.AppDbContext,System.TimeProvider)" line-rate="1" branch-rate="1" complexity="1">
              <lines>
                <line number="113" hits="12" branch="False" />
              </lines>
            </method>
          </methods>
          <lines>
            <line number="116" hits="15" branch="False" />
            <line number="113" hits="12" branch="False" />
          </lines>
        </class>
        <class name="BancaAdaptativa.Api.Services.TransferService/&lt;ConfirmAsync&gt;d__6" filename="Services\DomainServices.cs" line-rate="1" branch-rate="0.875" complexity="8">
          <methods>
            <method name="MoveNext" signature="()" line-rate="1" branch-rate="0.875" complexity="8">
              <lines>
                <line number="159" hits="7" branch="True" condition-coverage="50% (1/2)">
                  <conditions>
                    <condition number="422" type="jump" coverage="50%" />
                  </conditions>
                </line>
                <line number="160" hits="7" branch="False" />
                <line number="161" hits="9" branch="True" condition-coverage="100% (2/2)">
                  <conditions>
                    <condition number="462" type="jump" coverage="100%" />
                  </conditions>
                </line>
                <line number="163" hits="5" branch="False" />
                <line number="164" hits="5" branch="False" />
                <line number="165" hits="5" branch="False" />
                <line number="167" hits="5" branch="True" condition-coverage="100% (2/2)">
                  <conditions>
                    <condition number="564" type="jump" coverage="100%" />
                  </conditions>
                </line>
                <line number="168" hits="5" branch="False" />
                <line number="169" hits="5" branch="False" />
                <line number="170" hits="5" branch="False" />
                <line number="171" hits="5" branch="False" />
                <line number="172" hits="5" branch="False" />
                <line number="173" hits="5" branch="False" />
                <line number="174" hits="5" branch="False" />
                <line number="176" hits="5" branch="True" condition-coverage="100% (2/2)">
                  <conditions>
                    <condition number="770" type="jump" coverage="100%" />
                  </conditions>
                </line>
                <line number="177" hits="5" branch="False" />
                <line number="178" hits="5" branch="False" />
                <line number="179" hits="5" branch="False" />
                <line number="180" hits="5" branch="False" />
                <line number="181" hits="5" branch="False" />
                <line number="182" hits="5" branch="False" />
                <line number="183" hits="5" branch="False" />
                <line number="184" hits="5" branch="False" />
                <line number="185" hits="5" branch="False" />
                <line number="187" hits="5" branch="False" />
                <line number="188" hits="5" branch="False" />
                <line number="189" hits="5" branch="False" />
              </lines>
            </method>
          </methods>
          <lines>
            <line number="159" hits="7" branch="True" condition-coverage="50% (1/2)">
              <conditions>
                <condition number="422" type="jump" coverage="50%" />
              </conditions>
            </line>
            <line number="160" hits="7" branch="False" />
            <line number="161" hits="9" branch="True" condition-coverage="100% (2/2)">
              <conditions>
                <condition number="462" type="jump" coverage="100%" />
              </conditions>
            </line>
            <line number="163" hits="5" branch="False" />
            <line number="164" hits="5" branch="False" />
            <line number="165" hits="5" branch="False" />
            <line number="167" hits="5" branch="True" condition-coverage="100% (2/2)">
              <conditions>
                <condition number="564" type="jump" coverage="100%" />
              </conditions>
            </line>
            <line number="168" hits="5" branch="False" />
            <line number="169" hits="5" branch="False" />
            <line number="170" hits="5" branch="False" />
            <line number="171" hits="5" branch="False" />
            <line number="172" hits="5" branch="False" />
            <line number="173" hits="5" branch="False" />
            <line number="174" hits="5" branch="False" />
            <line number="176" hits="5" branch="True" condition-coverage="100% (2/2)">
              <conditions>
                <condition number="770" type="jump" coverage="100%" />
              </conditions>
            </line>
            <line number="177" hits="5" branch="False" />
            <line number="178" hits="5" branch="False" />
            <line number="179" hits="5" branch="False" />
            <line number="180" hits="5" branch="False" />
            <line number="181" hits="5" branch="False" />
            <line number="182" hits="5" branch="False" />
            <line number="183" hits="5" branch="False" />
            <line number="184" hits="5" branch="False" />
            <line number="185" hits="5" branch="False" />
            <line number="187" hits="5" branch="False" />
            <line number="188" hits="5" branch="False" />
            <line number="189" hits="5" branch="False" />
          </lines>
        </class>
        <class name="BancaAdaptativa.Api.Services.TransferService/&lt;CreateAsync&gt;d__4" filename="Services\DomainServices.cs" line-rate="0.88" branch-rate="0.8" complexity="10">
          <methods>
            <method name="MoveNext" signature="()" line-rate="0.88" branch-rate="0.8" complexity="10">
              <lines>
                <line number="120" hits="11" branch="True" condition-coverage="100% (2/2)">
                  <conditions>
                    <condition number="119" type="jump" coverage="100%" />
                  </conditions>
                </line>
                <line number="121" hits="11" branch="False" />
                <line number="122" hits="13" branch="True" condition-coverage="100% (2/2)">
                  <conditions>
                    <condition number="391" type="jump" coverage="100%" />
                  </conditions>
                </line>
                <line number="124" hits="9" branch="False" />
                <line number="125" hits="10" branch="True" condition-coverage="100% (2/2)">
                  <conditions>
                    <condition number="712" type="jump" coverage="100%" />
                  </conditions>
                </line>
                <line number="127" hits="8" branch="True" condition-coverage="50% (2/4)">
                  <conditions>
                    <condition number="868" type="jump" coverage="50%" />
                    <condition number="926" type="jump" coverage="50%" />
                  </conditions>
                </line>
                <line number="128" hits="8" branch="False" />
                <line number="129" hits="8" branch="False" />
                <line number="130" hits="8" branch="False" />
                <line number="131" hits="8" branch="False" />
                <line number="132" hits="8" branch="False" />
                <line number="133" hits="8" branch="False" />
                <line number="134" hits="8" branch="False" />
                <line number="135" hits="8" branch="False" />
                <line number="136" hits="8" branch="False" />
                <line number="137" hits="8" branch="False" />
                <line number="138" hits="8" branch="False" />
                <line number="139" hits="8" branch="False" />
                <line number="140" hits="8" branch="False" />
                <line number="141" hits="16" branch="False" />
                <line number="142" hits="0" branch="False" />
                <line number="144" hits="0" branch="False" />
                <line number="145" hits="0" branch="False" />
                <line number="147" hits="8" branch="False" />
                <line number="148" hits="10" branch="False" />
              </lines>
            </method>
          </methods>
          <lines>
            <line number="120" hits="11" branch="True" condition-coverage="100% (2/2)">
              <conditions>
                <condition number="119" type="jump" coverage="100%" />
              </conditions>
            </line>
            <line number="121" hits="11" branch="False" />
            <line number="122" hits="13" branch="True" condition-coverage="100% (2/2)">
              <conditions>
                <condition number="391" type="jump" coverage="100%" />
              </conditions>
            </line>
            <line number="124" hits="9" branch="False" />
            <line number="125" hits="10" branch="True" condition-coverage="100% (2/2)">
              <conditions>
                <condition number="712" type="jump" coverage="100%" />
              </conditions>
            </line>
            <line number="127" hits="8" branch="True" condition-coverage="50% (2/4)">
              <conditions>
                <condition number="868" type="jump" coverage="50%" />
                <condition number="926" type="jump" coverage="50%" />
              </conditions>
            </line>
            <line number="128" hits="8" branch="False" />
            <line number="129" hits="8" branch="False" />
            <line number="130" hits="8" branch="False" />
            <line number="131" hits="8" branch="False" />
            <line number="132" hits="8" branch="False" />
            <line number="133" hits="8" branch="False" />
            <line number="134" hits="8" branch="False" />
            <line number="135" hits="8" branch="False" />
            <line number="136" hits="8" branch="False" />
            <line number="137" hits="8" branch="False" />
            <line number="138" hits="8" branch="False" />
            <line number="139" hits="8" branch="False" />
            <line number="140" hits="8" branch="False" />
            <line number="141" hits="16" branch="False" />
            <line number="142" hits="0" branch="False" />
            <line number="144" hits="0" branch="False" />
            <line number="145" hits="0" branch="False" />
            <line number="147" hits="8" branch="False" />
            <line number="148" hits="10" branch="False" />
          </lines>
        </class>
        <class name="BancaAdaptativa.Api.Services.TransferService/&lt;GetAsync&gt;d__5" filename="Services\DomainServices.cs" line-rate="0" branch-rate="0" complexity="2">
          <methods>
            <method name="MoveNext" signature="()" line-rate="0" branch-rate="0" complexity="2">
              <lines>
                <line number="152" hits="0" branch="True" condition-coverage="0% (0/2)">
                  <conditions>
                    <condition number="326" type="jump" coverage="0%" />
                  </conditions>
                </line>
                <line number="153" hits="0" branch="False" />
                <line number="154" hits="0" branch="False" />
                <line number="155" hits="0" branch="False" />
              </lines>
            </method>
          </methods>
          <lines>
            <line number="152" hits="0" branch="True" condition-coverage="0% (0/2)">
              <conditions>
                <condition number="326" type="jump" coverage="0%" />
              </conditions>
            </line>
            <line number="153" hits="0" branch="False" />
            <line number="154" hits="0" branch="False" />
            <line number="155" hits="0" branch="False" />
          </lines>
        </class>
        <class name="BancaAdaptativa.Api.Models.AccessibilityPreference" filename="Models\AccessibilityPreference.cs" line-rate="0.9" branch-rate="1" complexity="10">
          <methods>
            <method name="get_IdPreference" signature="()" line-rate="1" branch-rate="1" complexity="1">
              <lines>
                <line number="8" hits="3" branch="False" />
              </lines>
            </method>
            <method name="get_IdUser" signature="()" line-rate="1" branch-rate="1" complexity="1">
              <lines>
                <line number="9" hits="15" branch="False" />
              </lines>
            </method>
            <method name="get_FontScale" signature="()" line-rate="1" branch-rate="1" complexity="1">
              <lines>
                <line number="11" hits="31" branch="False" />
              </lines>
            </method>
            <method name="get_HighContrast" signature="()" line-rate="1" branch-rate="1" complexity="1">
              <lines>
                <line number="12" hits="14" branch="False" />
              </lines>
            </method>
            <method name="get_DarkMode" signature="()" line-rate="1" branch-rate="1" complexity="1">
              <lines>
                <line number="13" hits="12" branch="False" />
              </lines>
            </method>
            <method name="get_ReducedMotion" signature="()" line-rate="1" branch-rate="1" complexity="1">
              <lines>
                <line number="14" hits="12" branch="False" />
              </lines>
            </method>
            <method name="get_LargeTargets" signature="()" line-rate="1" branch-rate="1" complexity="1">
              <lines>
                <line number="15" hits="12" branch="False" />
              </lines>
            </method>
            <method name="get_PlainLanguage" signature="()" line-rate="1" branch-rate="1" complexity="1">
              <lines>
                <line number="16" hits="12" branch="False" />
              </lines>
            </method>
            <method name="get_UpdatedAt" signature="()" line-rate="1" branch-rate="1" complexity="1">
              <lines>
                <line number="18" hits="20" branch="False" />
              </lines>
            </method>
            <method name="get_User" signature="()" line-rate="0" branch-rate="1" complexity="1">
              <lines>
                <line number="20" hits="0" branch="False" />
              </lines>
            </method>
          </methods>
          <lines>
            <line number="8" hits="3" branch="False" />
            <line number="9" hits="15" branch="False" />
            <line number="11" hits="31" branch="False" />
            <line number="12" hits="14" branch="False" />
            <line number="13" hits="12" branch="False" />
            <line number="14" hits="12" branch="False" />
            <line number="15" hits="12" branch="False" />
            <line number="16" hits="12" branch="False" />
            <line number="18" hits="20" branch="False" />
            <line number="20" hits="0" branch="False" />
          </lines>
        </class>
        <class name="BancaAdaptativa.Api.Models.Account" filename="Models\Account.cs" line-rate="0.9229999999999999" branch-rate="1" complexity="13">
          <methods>
            <method name="get_IdAccount" signature="()" line-rate="1" branch-rate="1" complexity="1">
              <lines>
                <line number="9" hits="77" branch="False" />
              </lines>
            </method>
            <method name="get_IdUser" signature="()" line-rate="1" branch-rate="1" complexity="1">
              <lines>
                <line number="10" hits="26" branch="False" />
              </lines>
            </method>
            <method name="get_AccountType" signature="()" line-rate="1" branch-rate="1" complexity="1">
              <lines>
                <line number="13" hits="59" branch="False" />
              </lines>
            </method>
            <method name="get_Alias" signature="()" line-rate="1" branch-rate="1" complexity="1">
              <lines>
                <line number="15" hits="59" branch="False" />
              </lines>
            </method>
            <method name="get_MaskedNumber" signature="()" line-rate="1" branch-rate="1" complexity="1">
              <lines>
                <line number="17" hits="59" branch="False" />
              </lines>
            </method>
            <method name="get_Currency" signature="()" line-rate="1" branch-rate="1" complexity="1">
              <lines>
                <line number="19" hits="59" branch="False" />
              </lines>
            </method>
            <method name="get_Balance" signature="()" line-rate="1" branch-rate="1" complexity="1">
              <lines>
                <line number="22" hits="27" branch="False" />
              </lines>
            </method>
            <method name="get_Status" signature="()" line-rate="1" branch-rate="1" complexity="1">
              <lines>
                <line number="25" hits="59" branch="False" />
              </lines>
            </method>
            <method name="get_CreatedAt" signature="()" line-rate="1" branch-rate="1" complexity="1">
              <lines>
                <line number="26" hits="26" branch="False" />
              </lines>
            </method>
            <method name="get_User" signature="()" line-rate="0" branch-rate="1" complexity="1">
              <lines>
                <line number="28" hits="0" branch="False" />
              </lines>
            </method>
            <method name="get_Transactions" signature="()" line-rate="1" branch-rate="1" complexity="1">
              <lines>
                <line number="30" hits="33" branch="False" />
              </lines>
            </method>
            <method name="get_DailyBalances" signature="()" line-rate="1" branch-rate="1" complexity="1">
              <lines>
                <line number="31" hits="33" branch="False" />
              </lines>
            </method>
            <method name="get_Transfers" signature="()" line-rate="1" branch-rate="1" complexity="1">
              <lines>
                <line number="32" hits="33" branch="False" />
              </lines>
            </method>
          </methods>
          <lines>
            <line number="9" hits="77" branch="False" />
            <line number="10" hits="26" branch="False" />
            <line number="13" hits="59" branch="False" />
            <line number="15" hits="59" branch="False" />
            <line number="17" hits="59" branch="False" />
            <line number="19" hits="59" branch="False" />
            <line number="22" hits="27" branch="False" />
            <line number="25" hits="59" branch="False" />
            <line number="26" hits="26" branch="False" />
            <line number="28" hits="0" branch="False" />
            <line number="30" hits="33" branch="False" />
            <line number="31" hits="33" branch="False" />
            <line number="32" hits="33" branch="False" />
          </lines>
        </class>
        <class name="BancaAdaptativa.Api.Models.AuditLog" filename="Models\AuditLog.cs" line-rate="0.7777" branch-rate="1" complexity="9">
          <methods>
            <method name="get_IdLog" signature="()" line-rate="0" branch-rate="1" complexity="1">
              <lines>
                <line number="8" hits="0" branch="False" />
              </lines>
            </method>
            <method name="get_IdUser" signature="()" line-rate="1" branch-rate="1" complexity="1">
              <lines>
                <line number="9" hits="14" branch="False" />
              </lines>
            </method>
            <method name="get_Action" signature="()" line-rate="1" branch-rate="1" complexity="1">
              <lines>
                <line number="12" hits="28" branch="False" />
              </lines>
            </method>
            <method name="get_Resource" signature="()" line-rate="1" branch-rate="1" complexity="1">
              <lines>
                <line number="14" hits="28" branch="False" />
              </lines>
            </method>
            <method name="get_Result" signature="()" line-rate="1" branch-rate="1" complexity="1">
              <lines>
                <line number="16" hits="28" branch="False" />
              </lines>
            </method>
            <method name="get_RiskLevel" signature="()" line-rate="1" branch-rate="1" complexity="1">
              <lines>
                <line number="18" hits="30" branch="False" />
              </lines>
            </method>
            <method name="get_RedactedPayload" signature="()" line-rate="1" branch-rate="1" complexity="1">
              <lines>
                <line number="20" hits="28" branch="False" />
              </lines>
            </method>
            <method name="get_CreatedAt" signature="()" line-rate="1" branch-rate="1" complexity="1">
              <lines>
                <line number="22" hits="15" branch="False" />
              </lines>
            </method>
            <method name="get_User" signature="()" line-rate="0" branch-rate="1" complexity="1">
              <lines>
                <line number="24" hits="0" branch="False" />
              </lines>
            </method>
          </methods>
          <lines>
            <line number="8" hits="0" branch="False" />
            <line number="9" hits="14" branch="False" />
            <line number="12" hits="28" branch="False" />
            <line number="14" hits="28" branch="False" />
            <line number="16" hits="28" branch="False" />
            <line number="18" hits="30" branch="False" />
            <line number="20" hits="28" branch="False" />
            <line number="22" hits="15" branch="False" />
            <line number="24" hits="0" branch="False" />
          </lines>
        </class>
        <class name="BancaAdaptativa.Api.Models.DailyBalance" filename="Models\DailyBalance.cs" line-rate="0.75" branch-rate="1" complexity="8">
          <methods>
            <method name="get_IdBalance" signature="()" line-rate="0" branch-rate="1" complexity="1">
              <lines>
                <line number="9" hits="0" branch="False" />
              </lines>
            </method>
            <method name="get_IdAccount" signature="()" line-rate="1" branch-rate="1" complexity="1">
              <lines>
                <line number="10" hits="11" branch="False" />
              </lines>
            </method>
            <method name="get_Date" signature="()" line-rate="1" branch-rate="1" complexity="1">
              <lines>
                <line number="12" hits="11" branch="False" />
              </lines>
            </method>
            <method name="get_OpeningBalance" signature="()" line-rate="1" branch-rate="1" complexity="1">
              <lines>
                <line number="15" hits="11" branch="False" />
              </lines>
            </method>
            <method name="get_Income" signature="()" line-rate="1" branch-rate="1" complexity="1">
              <lines>
                <line number="17" hits="11" branch="False" />
              </lines>
            </method>
            <method name="get_Expenses" signature="()" line-rate="1" branch-rate="1" complexity="1">
              <lines>
                <line number="19" hits="11" branch="False" />
              </lines>
            </method>
            <method name="get_ClosingBalance" signature="()" line-rate="1" branch-rate="1" complexity="1">
              <lines>
                <line number="21" hits="11" branch="False" />
              </lines>
            </method>
            <method name="get_Account" signature="()" line-rate="0" branch-rate="1" complexity="1">
              <lines>
                <line number="23" hits="0" branch="False" />
              </lines>
            </method>
          </methods>
          <lines>
            <line number="9" hits="0" branch="False" />
            <line number="10" hits="11" branch="False" />
            <line number="12" hits="11" branch="False" />
            <line number="15" hits="11" branch="False" />
            <line number="17" hits="11" branch="False" />
            <line number="19" hits="11" branch="False" />
            <line number="21" hits="11" branch="False" />
            <line number="23" hits="0" branch="False" />
          </lines>
        </class>
        <class name="BancaAdaptativa.Api.Models.DetectedPreference" filename="Models\DetectedPreference.cs" line-rate="0.8887999999999999" branch-rate="1" complexity="9">
          <methods>
            <method name="get_IdDetected" signature="()" line-rate="1" branch-rate="1" complexity="1">
              <lines>
                <line number="8" hits="9" branch="False" />
              </lines>
            </method>
            <method name="get_IdUser" signature="()" line-rate="1" branch-rate="1" complexity="1">
              <lines>
                <line number="9" hits="9" branch="False" />
              </lines>
            </method>
            <method name="get_PreferenceType" signature="()" line-rate="1" branch-rate="1" complexity="1">
              <lines>
                <line number="12" hits="18" branch="False" />
              </lines>
            </method>
            <method name="get_Value" signature="()" line-rate="1" branch-rate="1" complexity="1">
              <lines>
                <line number="14" hits="18" branch="False" />
              </lines>
            </method>
            <method name="get_ConfidenceScore" signature="()" line-rate="1" branch-rate="1" complexity="1">
              <lines>
                <line number="16" hits="9" branch="False" />
              </lines>
            </method>
            <method name="get_BasedOnEventsCount" signature="()" line-rate="1" branch-rate="1" complexity="1">
              <lines>
                <line number="17" hits="9" branch="False" />
              </lines>
            </method>
            <method name="get_UpdatedAt" signature="()" line-rate="1" branch-rate="1" complexity="1">
              <lines>
                <line number="19" hits="9" branch="False" />
              </lines>
            </method>
            <method name="get_User" signature="()" line-rate="0" branch-rate="1" complexity="1">
              <lines>
                <line number="21" hits="0" branch="False" />
              </lines>
            </method>
            <method name="get_MemoryEvents" signature="()" line-rate="1" branch-rate="1" complexity="1">
              <lines>
                <line number="22" hits="9" branch="False" />
              </lines>
            </method>
          </methods>
          <lines>
            <line number="8" hits="9" branch="False" />
            <line number="9" hits="9" branch="False" />
            <line number="12" hits="18" branch="False" />
            <line number="14" hits="18" branch="False" />
            <line number="16" hits="9" branch="False" />
            <line number="17" hits="9" branch="False" />
            <line number="19" hits="9" branch="False" />
            <line number="21" hits="0" branch="False" />
            <line number="22" hits="9" branch="False" />
          </lines>
        </class>
        <class name="BancaAdaptativa.Api.Models.MemoryEvent" filename="Models\MemoryEvent.cs" line-rate="0.7142000000000001" branch-rate="1" complexity="14">
          <methods>
            <method name="get_IdEvent" signature="()" line-rate="0" branch-rate="1" complexity="1">
              <lines>
                <line number="8" hits="0" branch="False" />
              </lines>
            </method>
            <method name="get_IdSession" signature="()" line-rate="1" branch-rate="1" complexity="1">
              <lines>
                <line number="9" hits="9" branch="False" />
              </lines>
            </method>
            <method name="get_IdUser" signature="()" line-rate="1" branch-rate="1" complexity="1">
              <lines>
                <line number="10" hits="9" branch="False" />
              </lines>
            </method>
            <method name="get_IdDetectedPreference" signature="()" line-rate="1" branch-rate="1" complexity="1">
              <lines>
                <line number="11" hits="9" branch="False" />
              </lines>
            </method>
            <method name="get_EventType" signature="()" line-rate="1" branch-rate="1" complexity="1">
              <lines>
                <line number="14" hits="18" branch="False" />
              </lines>
            </method>
            <method name="get_Intent" signature="()" line-rate="1" branch-rate="1" complexity="1">
              <lines>
                <line number="16" hits="18" branch="False" />
              </lines>
            </method>
            <method name="get_TargetElement" signature="()" line-rate="1" branch-rate="1" complexity="1">
              <lines>
                <line number="18" hits="18" branch="False" />
              </lines>
            </method>
            <method name="get_RedactedSummary" signature="()" line-rate="1" branch-rate="1" complexity="1">
              <lines>
                <line number="20" hits="18" branch="False" />
              </lines>
            </method>
            <method name="get_SensitivityLevel" signature="()" line-rate="1" branch-rate="1" complexity="1">
              <lines>
                <line number="22" hits="18" branch="False" />
              </lines>
            </method>
            <method name="get_CreatedAt" signature="()" line-rate="1" branch-rate="1" complexity="1">
              <lines>
                <line number="24" hits="9" branch="False" />
              </lines>
            </method>
            <method name="get_RetentionUntil" signature="()" line-rate="1" branch-rate="1" complexity="1">
              <lines>
                <line number="25" hits="9" branch="False" />
              </lines>
            </method>
            <method name="get_Session" signature="()" line-rate="0" branch-rate="1" complexity="1">
              <lines>
                <line number="27" hits="0" branch="False" />
              </lines>
            </method>
            <method name="get_User" signature="()" line-rate="0" branch-rate="1" complexity="1">
              <lines>
                <line number="28" hits="0" branch="False" />
              </lines>
            </method>
            <method name="get_DetectedPreference" signature="()" line-rate="0" branch-rate="1" complexity="1">
              <lines>
                <line number="29" hits="0" branch="False" />
              </lines>
            </method>
          </methods>
          <lines>
            <line number="8" hits="0" branch="False" />
            <line number="9" hits="9" branch="False" />
            <line number="10" hits="9" branch="False" />
            <line number="11" hits="9" branch="False" />
            <line number="14" hits="18" branch="False" />
            <line number="16" hits="18" branch="False" />
            <line number="18" hits="18" branch="False" />
            <line number="20" hits="18" branch="False" />
            <line number="22" hits="18" branch="False" />
            <line number="24" hits="9" branch="False" />
            <line number="25" hits="9" branch="False" />
            <line number="27" hits="0" branch="False" />
            <line number="28" hits="0" branch="False" />
            <line number="29" hits="0" branch="False" />
          </lines>
        </class>
        <class name="BancaAdaptativa.Api.Models.ReconciliationMatch" filename="Models\ReconciliationMatch.cs" line-rate="0" branch-rate="1" complexity="9">
          <methods>
            <method name="get_IdMatch" signature="()" line-rate="0" branch-rate="1" complexity="1">
              <lines>
                <line number="8" hits="0" branch="False" />
              </lines>
            </method>
            <method name="get_IdTransfer" signature="()" line-rate="0" branch-rate="1" complexity="1">
              <lines>
                <line number="9" hits="0" branch="False" />
              </lines>
            </method>
            <method name="get_IdTransaction" signature="()" line-rate="0" branch-rate="1" complexity="1">
              <lines>
                <line number="10" hits="0" branch="False" />
              </lines>
            </method>
            <method name="get_Status" signature="()" line-rate="0" branch-rate="1" complexity="1">
              <lines>
                <line number="13" hits="0" branch="False" />
              </lines>
            </method>
            <method name="get_MatchScore" signature="()" line-rate="0" branch-rate="1" complexity="1">
              <lines>
                <line number="14" hits="0" branch="False" />
              </lines>
            </method>
            <method name="get_MatchedAt" signature="()" line-rate="0" branch-rate="1" complexity="1">
              <lines>
                <line number="16" hits="0" branch="False" />
              </lines>
            </method>
            <method name="get_Notes" signature="()" line-rate="0" branch-rate="1" complexity="1">
              <lines>
                <line number="19" hits="0" branch="False" />
              </lines>
            </method>
            <method name="get_Transfer" signature="()" line-rate="0" branch-rate="1" complexity="1">
              <lines>
                <line number="21" hits="0" branch="False" />
              </lines>
            </method>
            <method name="get_Transaction" signature="()" line-rate="0" branch-rate="1" complexity="1">
              <lines>
                <line number="22" hits="0" branch="False" />
              </lines>
            </method>
          </methods>
          <lines>
            <line number="8" hits="0" branch="False" />
            <line number="9" hits="0" branch="False" />
            <line number="10" hits="0" branch="False" />
            <line number="13" hits="0" branch="False" />
            <line number="14" hits="0" branch="False" />
            <line number="16" hits="0" branch="False" />
            <line number="19" hits="0" branch="False" />
            <line number="21" hits="0" branch="False" />
            <line number="22" hits="0" branch="False" />
          </lines>
        </class>
        <class name="BancaAdaptativa.Api.Models.Session" filename="Models\Session.cs" line-rate="0.8571" branch-rate="1" complexity="7">
          <methods>
            <method name="get_IdSession" signature="()" line-rate="1" branch-rate="1" complexity="1">
              <lines>
                <line number="8" hits="9" branch="False" />
              </lines>
            </method>
            <method name="get_IdUser" signature="()" line-rate="1" branch-rate="1" complexity="1">
              <lines>
                <line number="9" hits="9" branch="False" />
              </lines>
            </method>
            <method name="get_StartedAt" signature="()" line-rate="1" branch-rate="1" complexity="1">
              <lines>
                <line number="11" hits="9" branch="False" />
              </lines>
            </method>
            <method name="get_EndedAt" signature="()" line-rate="1" branch-rate="1" complexity="1">
              <lines>
                <line number="12" hits="9" branch="False" />
              </lines>
            </method>
            <method name="get_DeviceContext" signature="()" line-rate="1" branch-rate="1" complexity="1">
              <lines>
                <line number="15" hits="18" branch="False" />
              </lines>
            </method>
            <method name="get_User" signature="()" line-rate="0" branch-rate="1" complexity="1">
              <lines>
                <line number="17" hits="0" branch="False" />
              </lines>
            </method>
            <method name="get_MemoryEvents" signature="()" line-rate="1" branch-rate="1" complexity="1">
              <lines>
                <line number="18" hits="9" branch="False" />
              </lines>
            </method>
          </methods>
          <lines>
            <line number="8" hits="9" branch="False" />
            <line number="9" hits="9" branch="False" />
            <line number="11" hits="9" branch="False" />
            <line number="12" hits="9" branch="False" />
            <line number="15" hits="18" branch="False" />
            <line number="17" hits="0" branch="False" />
            <line number="18" hits="9" branch="False" />
          </lines>
        </class>
        <class name="BancaAdaptativa.Api.Models.Transaction" filename="Models\Transaction.cs" line-rate="0.7272" branch-rate="1" complexity="11">
          <methods>
            <method name="get_IdTransaction" signature="()" line-rate="0" branch-rate="1" complexity="1">
              <lines>
                <line number="9" hits="0" branch="False" />
              </lines>
            </method>
            <method name="get_IdAccount" signature="()" line-rate="1" branch-rate="1" complexity="1">
              <lines>
                <line number="10" hits="42" branch="False" />
              </lines>
            </method>
            <method name="get_Date" signature="()" line-rate="1" branch-rate="1" complexity="1">
              <lines>
                <line number="12" hits="42" branch="False" />
              </lines>
            </method>
            <method name="get_Amount" signature="()" line-rate="1" branch-rate="1" complexity="1">
              <lines>
                <line number="15" hits="42" branch="False" />
              </lines>
            </method>
            <method name="get_Direction" signature="()" line-rate="1" branch-rate="1" complexity="1">
              <lines>
                <line number="18" hits="84" branch="False" />
              </lines>
            </method>
            <method name="get_Category" signature="()" line-rate="1" branch-rate="1" complexity="1">
              <lines>
                <line number="20" hits="84" branch="False" />
              </lines>
            </method>
            <method name="get_Description" signature="()" line-rate="1" branch-rate="1" complexity="1">
              <lines>
                <line number="22" hits="84" branch="False" />
              </lines>
            </method>
            <method name="get_Status" signature="()" line-rate="1" branch-rate="1" complexity="1">
              <lines>
                <line number="24" hits="84" branch="False" />
              </lines>
            </method>
            <method name="get_Reference" signature="()" line-rate="1" branch-rate="1" complexity="1">
              <lines>
                <line number="26" hits="84" branch="False" />
              </lines>
            </method>
            <method name="get_Account" signature="()" line-rate="0" branch-rate="1" complexity="1">
              <lines>
                <line number="28" hits="0" branch="False" />
              </lines>
            </method>
[...]
            <line number="396" hits="7" branch="False" />
            <line number="397" hits="7" branch="False" />
            <line number="398" hits="7" branch="False" />
            <line number="399" hits="7" branch="False" />
            <line number="400" hits="7" branch="False" />
            <line number="401" hits="7" branch="False" />
            <line number="402" hits="7" branch="False" />
            <line number="403" hits="7" branch="False" />
            <line number="404" hits="7" branch="False" />
            <line number="405" hits="7" branch="False" />
            <line number="406" hits="7" branch="False" />
            <line number="407" hits="7" branch="False" />
            <line number="408" hits="7" branch="False" />
            <line number="409" hits="7" branch="False" />
            <line number="410" hits="7" branch="False" />
            <line number="411" hits="7" branch="False" />
            <line number="412" hits="7" branch="False" />
            <line number="413" hits="7" branch="False" />
            <line number="414" hits="7" branch="False" />
            <line number="415" hits="7" branch="False" />
            <line number="416" hits="7" branch="False" />
            <line number="417" hits="7" branch="False" />
            <line number="418" hits="7" branch="False" />
            <line number="419" hits="7" branch="False" />
            <line number="420" hits="7" branch="False" />
            <line number="421" hits="7" branch="False" />
            <line number="422" hits="7" branch="False" />
            <line number="423" hits="7" branch="False" />
            <line number="424" hits="7" branch="False" />
            <line number="425" hits="7" branch="False" />
            <line number="426" hits="7" branch="False" />
            <line number="427" hits="7" branch="False" />
            <line number="428" hits="7" branch="False" />
            <line number="429" hits="7" branch="False" />
            <line number="430" hits="7" branch="False" />
            <line number="431" hits="7" branch="False" />
            <line number="432" hits="7" branch="False" />
            <line number="433" hits="7" branch="False" />
            <line number="434" hits="7" branch="False" />
            <line number="435" hits="7" branch="False" />
            <line number="436" hits="7" branch="False" />
            <line number="437" hits="7" branch="False" />
            <line number="438" hits="7" branch="False" />
            <line number="439" hits="7" branch="False" />
            <line number="440" hits="7" branch="False" />
            <line number="441" hits="7" branch="False" />
            <line number="442" hits="7" branch="False" />
            <line number="443" hits="7" branch="False" />
            <line number="444" hits="7" branch="False" />
            <line number="445" hits="7" branch="False" />
            <line number="446" hits="14" branch="False" />
            <line number="448" hits="7" branch="False" />
            <line number="449" hits="7" branch="False" />
            <line number="450" hits="7" branch="False" />
            <line number="451" hits="7" branch="False" />
            <line number="452" hits="7" branch="False" />
            <line number="453" hits="7" branch="False" />
            <line number="454" hits="7" branch="False" />
            <line number="455" hits="7" branch="False" />
            <line number="456" hits="7" branch="False" />
            <line number="457" hits="7" branch="False" />
            <line number="458" hits="7" branch="False" />
            <line number="459" hits="7" branch="False" />
            <line number="460" hits="7" branch="False" />
            <line number="461" hits="7" branch="False" />
            <line number="462" hits="7" branch="False" />
            <line number="463" hits="7" branch="False" />
            <line number="464" hits="7" branch="False" />
            <line number="465" hits="7" branch="False" />
            <line number="466" hits="7" branch="False" />
            <line number="467" hits="7" branch="False" />
            <line number="468" hits="7" branch="False" />
            <line number="469" hits="7" branch="False" />
            <line number="470" hits="7" branch="False" />
            <line number="471" hits="7" branch="False" />
            <line number="472" hits="7" branch="False" />
            <line number="473" hits="7" branch="False" />
            <line number="474" hits="7" branch="False" />
            <line number="475" hits="14" branch="False" />
            <line number="477" hits="7" branch="False" />
            <line number="478" hits="7" branch="False" />
            <line number="479" hits="7" branch="False" />
            <line number="480" hits="7" branch="False" />
            <line number="481" hits="7" branch="False" />
            <line number="482" hits="7" branch="False" />
            <line number="483" hits="7" branch="False" />
            <line number="484" hits="7" branch="False" />
            <line number="485" hits="7" branch="False" />
            <line number="486" hits="7" branch="False" />
            <line number="487" hits="7" branch="False" />
            <line number="488" hits="7" branch="False" />
            <line number="489" hits="7" branch="False" />
            <line number="490" hits="7" branch="False" />
            <line number="491" hits="7" branch="False" />
            <line number="492" hits="7" branch="False" />
            <line number="493" hits="7" branch="False" />
            <line number="494" hits="7" branch="False" />
            <line number="495" hits="7" branch="False" />
            <line number="496" hits="7" branch="False" />
            <line number="497" hits="7" branch="False" />
            <line number="498" hits="7" branch="False" />
            <line number="499" hits="7" branch="False" />
            <line number="500" hits="7" branch="False" />
            <line number="501" hits="7" branch="False" />
            <line number="502" hits="7" branch="False" />
            <line number="503" hits="7" branch="False" />
            <line number="504" hits="7" branch="False" />
            <line number="505" hits="7" branch="False" />
            <line number="506" hits="7" branch="False" />
            <line number="507" hits="7" branch="False" />
            <line number="508" hits="7" branch="False" />
            <line number="509" hits="7" branch="False" />
            <line number="510" hits="7" branch="False" />
            <line number="511" hits="7" branch="False" />
            <line number="512" hits="7" branch="False" />
            <line number="513" hits="7" branch="False" />
            <line number="514" hits="7" branch="False" />
            <line number="515" hits="7" branch="False" />
            <line number="516" hits="14" branch="False" />
            <line number="518" hits="7" branch="False" />
            <line number="519" hits="7" branch="False" />
            <line number="520" hits="7" branch="False" />
            <line number="521" hits="7" branch="False" />
            <line number="522" hits="7" branch="False" />
            <line number="523" hits="7" branch="False" />
            <line number="524" hits="7" branch="False" />
            <line number="525" hits="7" branch="False" />
            <line number="526" hits="7" branch="False" />
            <line number="527" hits="7" branch="False" />
            <line number="528" hits="7" branch="False" />
            <line number="529" hits="7" branch="False" />
            <line number="530" hits="7" branch="False" />
            <line number="531" hits="7" branch="False" />
            <line number="532" hits="7" branch="False" />
            <line number="533" hits="7" branch="False" />
            <line number="534" hits="7" branch="False" />
            <line number="535" hits="7" branch="False" />
            <line number="536" hits="7" branch="False" />
            <line number="537" hits="7" branch="False" />
            <line number="538" hits="7" branch="False" />
            <line number="539" hits="7" branch="False" />
            <line number="540" hits="7" branch="False" />
            <line number="541" hits="7" branch="False" />
            <line number="542" hits="7" branch="False" />
            <line number="543" hits="7" branch="False" />
            <line number="544" hits="14" branch="False" />
            <line number="546" hits="7" branch="False" />
            <line number="547" hits="7" branch="False" />
            <line number="548" hits="7" branch="False" />
            <line number="549" hits="7" branch="False" />
            <line number="550" hits="7" branch="False" />
            <line number="551" hits="7" branch="False" />
            <line number="552" hits="7" branch="False" />
            <line number="553" hits="7" branch="False" />
            <line number="554" hits="7" branch="False" />
            <line number="555" hits="14" branch="False" />
            <line number="557" hits="7" branch="False" />
            <line number="558" hits="7" branch="False" />
            <line number="559" hits="7" branch="False" />
            <line number="560" hits="7" branch="False" />
            <line number="561" hits="7" branch="False" />
            <line number="562" hits="7" branch="False" />
            <line number="563" hits="7" branch="False" />
            <line number="564" hits="7" branch="False" />
            <line number="565" hits="7" branch="False" />
            <line number="566" hits="14" branch="False" />
            <line number="568" hits="7" branch="False" />
            <line number="569" hits="7" branch="False" />
            <line number="570" hits="7" branch="False" />
            <line number="571" hits="7" branch="False" />
            <line number="572" hits="7" branch="False" />
            <line number="573" hits="7" branch="False" />
            <line number="574" hits="7" branch="False" />
            <line number="575" hits="7" branch="False" />
            <line number="576" hits="7" branch="False" />
            <line number="577" hits="14" branch="False" />
            <line number="579" hits="7" branch="False" />
            <line number="580" hits="7" branch="False" />
            <line number="581" hits="7" branch="False" />
            <line number="582" hits="7" branch="False" />
            <line number="583" hits="7" branch="False" />
            <line number="584" hits="7" branch="False" />
            <line number="585" hits="7" branch="False" />
            <line number="586" hits="7" branch="False" />
            <line number="587" hits="7" branch="False" />
            <line number="588" hits="14" branch="False" />
            <line number="590" hits="7" branch="False" />
            <line number="591" hits="7" branch="False" />
            <line number="592" hits="7" branch="False" />
            <line number="593" hits="7" branch="False" />
            <line number="594" hits="7" branch="False" />
            <line number="595" hits="7" branch="False" />
            <line number="596" hits="7" branch="False" />
            <line number="597" hits="7" branch="False" />
            <line number="598" hits="7" branch="False" />
            <line number="599" hits="14" branch="False" />
            <line number="601" hits="7" branch="False" />
            <line number="602" hits="7" branch="False" />
            <line number="603" hits="7" branch="False" />
            <line number="604" hits="7" branch="False" />
            <line number="605" hits="7" branch="False" />
            <line number="606" hits="7" branch="False" />
            <line number="607" hits="7" branch="False" />
            <line number="608" hits="7" branch="False" />
            <line number="609" hits="7" branch="False" />
            <line number="610" hits="7" branch="False" />
            <line number="611" hits="7" branch="False" />
            <line number="612" hits="7" branch="False" />
            <line number="613" hits="7" branch="False" />
            <line number="614" hits="7" branch="False" />
            <line number="615" hits="7" branch="False" />
            <line number="616" hits="7" branch="False" />
            <line number="617" hits="7" branch="False" />
            <line number="618" hits="7" branch="False" />
            <line number="619" hits="7" branch="False" />
            <line number="620" hits="7" branch="False" />
            <line number="621" hits="7" branch="False" />
            <line number="622" hits="7" branch="False" />
            <line number="623" hits="7" branch="False" />
            <line number="624" hits="7" branch="False" />
            <line number="625" hits="14" branch="False" />
            <line number="627" hits="7" branch="False" />
            <line number="628" hits="7" branch="False" />
            <line number="629" hits="7" branch="False" />
            <line number="630" hits="7" branch="False" />
            <line number="631" hits="7" branch="False" />
            <line number="632" hits="7" branch="False" />
            <line number="633" hits="7" branch="False" />
            <line number="634" hits="7" branch="False" />
            <line number="635" hits="7" branch="False" />
            <line number="636" hits="7" branch="False" />
            <line number="637" hits="7" branch="False" />
            <line number="638" hits="7" branch="False" />
            <line number="639" hits="7" branch="False" />
            <line number="640" hits="7" branch="False" />
            <line number="641" hits="7" branch="False" />
            <line number="642" hits="7" branch="False" />
            <line number="643" hits="7" branch="False" />
            <line number="644" hits="14" branch="False" />
            <line number="646" hits="7" branch="False" />
            <line number="647" hits="7" branch="False" />
            <line number="648" hits="7" branch="False" />
            <line number="649" hits="7" branch="False" />
            <line number="650" hits="7" branch="False" />
            <line number="651" hits="7" branch="False" />
            <line number="652" hits="7" branch="False" />
            <line number="653" hits="7" branch="False" />
            <line number="654" hits="7" branch="False" />
            <line number="655" hits="14" branch="False" />
            <line number="657" hits="7" branch="False" />
            <line number="658" hits="7" branch="False" />
            <line number="659" hits="7" branch="False" />
            <line number="660" hits="7" branch="False" />
            <line number="661" hits="7" branch="False" />
            <line number="662" hits="7" branch="False" />
            <line number="663" hits="7" branch="False" />
            <line number="664" hits="7" branch="False" />
            <line number="665" hits="7" branch="False" />
            <line number="666" hits="14" branch="False" />
            <line number="668" hits="7" branch="False" />
            <line number="669" hits="7" branch="False" />
            <line number="670" hits="7" branch="False" />
            <line number="671" hits="7" branch="False" />
            <line number="672" hits="7" branch="False" />
            <line number="673" hits="7" branch="False" />
            <line number="674" hits="7" branch="False" />
            <line number="675" hits="7" branch="False" />
            <line number="676" hits="7" branch="False" />
            <line number="677" hits="7" branch="False" />
            <line number="678" hits="7" branch="False" />
            <line number="679" hits="7" branch="False" />
            <line number="680" hits="7" branch="False" />
            <line number="681" hits="7" branch="False" />
            <line number="682" hits="7" branch="False" />
            <line number="683" hits="7" branch="False" />
            <line number="684" hits="7" branch="False" />
            <line number="685" hits="14" branch="False" />
            <line number="687" hits="7" branch="False" />
            <line number="688" hits="7" branch="False" />
            <line number="689" hits="7" branch="False" />
            <line number="690" hits="7" branch="False" />
            <line number="691" hits="7" branch="False" />
            <line number="692" hits="7" branch="False" />
            <line number="693" hits="7" branch="False" />
            <line number="694" hits="7" branch="False" />
            <line number="695" hits="7" branch="False" />
            <line number="696" hits="14" branch="False" />
            <line number="698" hits="7" branch="False" />
            <line number="699" hits="7" branch="False" />
            <line number="700" hits="7" branch="False" />
            <line number="701" hits="7" branch="False" />
            <line number="702" hits="7" branch="False" />
            <line number="703" hits="7" branch="False" />
            <line number="704" hits="7" branch="False" />
            <line number="705" hits="7" branch="False" />
            <line number="706" hits="7" branch="False" />
            <line number="707" hits="14" branch="False" />
            <line number="709" hits="7" branch="False" />
            <line number="710" hits="7" branch="False" />
            <line number="711" hits="7" branch="False" />
            <line number="712" hits="7" branch="False" />
            <line number="713" hits="7" branch="False" />
            <line number="714" hits="7" branch="False" />
            <line number="715" hits="7" branch="False" />
            <line number="716" hits="14" branch="False" />
            <line number="718" hits="7" branch="False" />
            <line number="719" hits="7" branch="False" />
            <line number="720" hits="7" branch="False" />
            <line number="721" hits="14" branch="False" />
            <line number="723" hits="7" branch="False" />
            <line number="724" hits="7" branch="False" />
            <line number="725" hits="7" branch="False" />
            <line number="726" hits="14" branch="False" />
            <line number="728" hits="7" branch="False" />
            <line number="729" hits="7" branch="False" />
            <line number="730" hits="7" branch="False" />
            <line number="731" hits="14" branch="False" />
            <line number="733" hits="7" branch="False" />
            <line number="734" hits="7" branch="False" />
            <line number="735" hits="7" branch="False" />
            <line number="736" hits="7" branch="False" />
            <line number="737" hits="7" branch="False" />
            <line number="738" hits="14" branch="False" />
            <line number="740" hits="7" branch="False" />
            <line number="741" hits="7" branch="False" />
            <line number="742" hits="7" branch="False" />
            <line number="743" hits="7" branch="False" />
            <line number="744" hits="7" branch="False" />
            <line number="745" hits="7" branch="False" />
            <line number="746" hits="7" branch="False" />
            <line number="747" hits="7" branch="False" />
            <line number="748" hits="7" branch="False" />
            <line number="749" hits="7" branch="False" />
            <line number="750" hits="7" branch="False" />
            <line number="751" hits="7" branch="False" />
            <line number="752" hits="7" branch="False" />
            <line number="753" hits="7" branch="False" />
            <line number="754" hits="7" branch="False" />
            <line number="755" hits="7" branch="False" />
            <line number="756" hits="7" branch="False" />
            <line number="757" hits="14" branch="False" />
            <line number="759" hits="7" branch="False" />
          </lines>
        </class>
      </classes>
    </package>
  </packages>
</coverage>